Copyright 1986-2022 Xilinx, Inc. All Rights Reserved.
-----------------------------------------------------------------------------------------------------------------------------------------------------------------------------------------------------------------------------
| Tool Version      : Vivado v.2022.2 (win64) Build 3671981 Fri Oct 14 05:00:03 MDT 2022
| Date              : Thu Nov  7 03:45:25 2024
| Host              : Venujan running 64-bit major release  (build 9200)
| Command           : report_timing_summary -max_paths 10 -report_unconstrained -file HalfAdder_timing_summary_routed.rpt -pb HalfAdder_timing_summary_routed.pb -rpx HalfAdder_timing_summary_routed.rpx -warn_on_violation
| Design            : HalfAdder
| Device            : xck26-sfvc784
| Speed File        : -2LV  PRODUCTION 1.30 05-15-2022
| Temperature Grade : C
-----------------------------------------------------------------------------------------------------------------------------------------------------------------------------------------------------------------------------

Timing Summary Report

------------------------------------------------------------------------------------------------
| Timer Settings
| --------------
------------------------------------------------------------------------------------------------

  Enable Multi Corner Analysis               :  Yes
  Enable Pessimism Removal                   :  Yes
  Pessimism Removal Resolution               :  Nearest Common Node
  Enable Input Delay Default Clock           :  No
  Enable Preset / Clear Arcs                 :  No
  Disable Flight Delays                      :  No
  Ignore I/O Paths                           :  No
  Timing Early Launch at Borrowing Latches   :  No
  Borrow Time for Max Delay Exceptions       :  Yes
  Merge Timing Exceptions                    :  Yes

  Corner  Analyze    Analyze    
  Name    Max Paths  Min Paths  
  ------  ---------  ---------  
  Slow    Yes        Yes        
  Fast    Yes        Yes        


------------------------------------------------------------------------------------------------
| Report Methodology
| ------------------
------------------------------------------------------------------------------------------------

No report available as report_methodology has not been run prior. Run report_methodology on the current design for the summary of methodology violations.



check_timing report

Table of Contents
-----------------
1. checking no_clock (0)
2. checking constant_clock (0)
3. checking pulse_width_clock (0)
4. checking unconstrained_internal_endpoints (0)
5. checking no_input_delay (0)
6. checking no_output_delay (0)
7. checking multiple_clock (0)
8. checking generated_clocks (0)
9. checking loops (0)
10. checking partial_input_delay (0)
11. checking partial_output_delay (0)
12. checking latch_loops (0)

1. checking no_clock (0)
------------------------
 There are 0 register/latch pins with no clock.


2. checking constant_clock (0)
------------------------------
 There are 0 register/latch pins with constant_clock.


3. checking pulse_width_clock (0)
---------------------------------
 There are 0 register/latch pins which need pulse_width check


4. checking unconstrained_internal_endpoints (0)
------------------------------------------------
 There are 0 pins that are not constrained for maximum delay.

 There are 0 pins that are not constrained for maximum delay due to constant clock.


5. checking no_input_delay (0)
------------------------------
 There are 0 input ports with no input delay specified.

 There are 0 input ports with no input delay but user has a false path constraint.


6. checking no_output_delay (0)
-------------------------------
 There are 0 ports with no output delay specified.

 There are 0 ports with no output delay but user has a false path constraint

 There are 0 ports with no output delay but with a timing clock defined on it or propagating through it


7. checking multiple_clock (0)
------------------------------
 There are 0 register/latch pins with multiple clocks.


8. checking generated_clocks (0)
--------------------------------
 There are 0 generated clocks that are not connected to a clock source.


9. checking loops (0)
---------------------
 There are 0 combinational loops in the design.


10. checking partial_input_delay (0)
------------------------------------
 There are 0 input ports with partial input delay specified.


11. checking partial_output_delay (0)
-------------------------------------
 There are 0 ports with partial output delay specified.


12. checking latch_loops (0)
----------------------------
 There are 0 combinational latch loops in the design through latch input



------------------------------------------------------------------------------------------------
| Design Timing Summary
| ---------------------
------------------------------------------------------------------------------------------------

    WNS(ns)      TNS(ns)  TNS Failing Endpoints  TNS Total Endpoints      WHS(ns)      THS(ns)  THS Failing Endpoints  THS Total Endpoints     WPWS(ns)     TPWS(ns)  TPWS Failing Endpoints  TPWS Total Endpoints  
    -------      -------  ---------------------  -------------------      -------      -------  ---------------------  -------------------     --------     --------  ----------------------  --------------------  
        inf        0.000                      0                    2          inf        0.000                      0                    2           NA           NA                      NA                    NA  


There are no user specified timing constraints.


------------------------------------------------------------------------------------------------
| Clock Summary
| -------------
------------------------------------------------------------------------------------------------


------------------------------------------------------------------------------------------------
| Intra Clock Table
| -----------------
------------------------------------------------------------------------------------------------

Clock             WNS(ns)      TNS(ns)  TNS Failing Endpoints  TNS Total Endpoints      WHS(ns)      THS(ns)  THS Failing Endpoints  THS Total Endpoints     WPWS(ns)     TPWS(ns)  TPWS Failing Endpoints  TPWS Total Endpoints  
-----             -------      -------  ---------------------  -------------------      -------      -------  ---------------------  -------------------     --------     --------  ----------------------  --------------------  


------------------------------------------------------------------------------------------------
| Inter Clock Table
| -----------------
------------------------------------------------------------------------------------------------

From Clock    To Clock          WNS(ns)      TNS(ns)  TNS Failing Endpoints  TNS Total Endpoints      WHS(ns)      THS(ns)  THS Failing Endpoints  THS Total Endpoints  
----------    --------          -------      -------  ---------------------  -------------------      -------      -------  ---------------------  -------------------  


------------------------------------------------------------------------------------------------
| Other Path Groups Table
| -----------------------
------------------------------------------------------------------------------------------------

Path Group    From Clock    To Clock          WNS(ns)      TNS(ns)  TNS Failing Endpoints  TNS Total Endpoints      WHS(ns)      THS(ns)  THS Failing Endpoints  THS Total Endpoints  
----------    ----------    --------          -------      -------  ---------------------  -------------------      -------      -------  ---------------------  -------------------  


------------------------------------------------------------------------------------------------
| User Ignored Path Table
| -----------------------
------------------------------------------------------------------------------------------------

Path Group    From Clock    To Clock    
----------    ----------    --------    


------------------------------------------------------------------------------------------------
| Unconstrained Path Table
| ------------------------
------------------------------------------------------------------------------------------------

Path Group    From Clock    To Clock    
----------    ----------    --------    
(none)                                    


------------------------------------------------------------------------------------------------
| Timing Details
| --------------
------------------------------------------------------------------------------------------------


--------------------------------------------------------------------------------------
Path Group:  (none)
From Clock:  
  To Clock:  

Max Delay             2 Endpoints
Min Delay             2 Endpoints
--------------------------------------------------------------------------------------


Max Delay Paths
--------------------------------------------------------------------------------------
Slack:                    inf
  Source:                 b
                            (input port)
  Destination:            s
                            (output port)
  Path Group:             (none)
  Path Type:              Max at Slow Process Corner
  Data Path Delay:        3.550ns  (logic 1.531ns (43.131%)  route 2.019ns (56.869%))
  Logic Levels:           4  (IBUFCTRL=1 INBUF=1 LUT2=1 OBUF=1)

    Location             Delay type                Incr(ns)  Path(ns)    Netlist Resource(s)
  -------------------------------------------------------------------    -------------------
    E8                                                0.000     0.000 r  b (IN)
                         net (fo=0)                   0.000     0.000    b_IBUF_inst/I
    E8                   INBUF (Prop_INBUF_HPIOB_S_PAD_O)
                                                      0.509     0.509 r  b_IBUF_inst/INBUF_INST/O
                         net (fo=1, routed)           0.000     0.509    b_IBUF_inst/OUT
    E8                   IBUFCTRL (Prop_IBUFCTRL_HPIOB_S_I_O)
                                                      0.000     0.509 r  b_IBUF_inst/IBUFCTRL_INST/O
                         net (fo=2, routed)           0.902     1.411    b_IBUF
    SLICE_X23Y220        LUT2 (Prop_D6LUT_SLICEL_I0_O)
                                                      0.136     1.547 r  s_OBUF_inst_i_1/O
                         net (fo=1, routed)           1.117     2.664    s_OBUF
    F7                   OBUF (Prop_OUTBUF_HPIOB_S_I_O)
                                                      0.886     3.550 r  s_OBUF_inst/O
                         net (fo=0)                   0.000     3.550    s
    F7                                                                r  s (OUT)
  -------------------------------------------------------------------    -------------------

Slack:                    inf
  Source:                 b
                            (input port)
  Destination:            c
                            (output port)
  Path Group:             (none)
  Path Type:              Max at Slow Process Corner
  Data Path Delay:        3.535ns  (logic 1.529ns (43.252%)  route 2.006ns (56.748%))
  Logic Levels:           4  (IBUFCTRL=1 INBUF=1 LUT2=1 OBUF=1)

    Location             Delay type                Incr(ns)  Path(ns)    Netlist Resource(s)
  -------------------------------------------------------------------    -------------------
    E8                                                0.000     0.000 r  b (IN)
                         net (fo=0)                   0.000     0.000    b_IBUF_inst/I
    E8                   INBUF (Prop_INBUF_HPIOB_S_PAD_O)
                                                      0.509     0.509 r  b_IBUF_inst/INBUF_INST/O
                         net (fo=1, routed)           0.000     0.509    b_IBUF_inst/OUT
    E8                   IBUFCTRL (Prop_IBUFCTRL_HPIOB_S_I_O)
                                                      0.000     0.509 r  b_IBUF_inst/IBUFCTRL_INST/O
                         net (fo=2, routed)           0.902     1.411    b_IBUF
    SLICE_X23Y220        LUT2 (Prop_D5LUT_SLICEL_I1_O)
                                                      0.133     1.544 r  c_OBUF_inst_i_1/O
                         net (fo=1, routed)           1.104     2.648    c_OBUF
    G8                   OBUF (Prop_OUTBUF_HPIOB_M_I_O)
                                                      0.887     3.535 r  c_OBUF_inst/O
                         net (fo=0)                   0.000     3.535    c
    G8                                                                r  c (OUT)
  -------------------------------------------------------------------    -------------------





Min Delay Paths
--------------------------------------------------------------------------------------
Slack:                    inf
  Source:                 a
                            (input port)
  Destination:            c
                            (output port)
  Path Group:             (none)
  Path Type:              Min at Fast Process Corner
  Data Path Delay:        1.369ns  (logic 0.546ns (39.904%)  route 0.823ns (60.096%))
  Logic Levels:           4  (IBUFCTRL=1 INBUF=1 LUT2=1 OBUF=1)

    Location             Delay type                Incr(ns)  Path(ns)    Netlist Resource(s)
  -------------------------------------------------------------------    -------------------
    F8                                                0.000     0.000 r  a (IN)
                         net (fo=0)                   0.000     0.000    a_IBUF_inst/I
    F8                   INBUF (Prop_INBUF_HPIOB_M_PAD_O)
                                                      0.145     0.145 r  a_IBUF_inst/INBUF_INST/O
                         net (fo=1, routed)           0.000     0.145    a_IBUF_inst/OUT
    F8                   IBUFCTRL (Prop_IBUFCTRL_HPIOB_M_I_O)
                                                      0.000     0.145 r  a_IBUF_inst/IBUFCTRL_INST/O
                         net (fo=2, routed)           0.360     0.505    a_IBUF
    SLICE_X23Y220        LUT2 (Prop_D5LUT_SLICEL_I0_O)
                                                      0.023     0.528 r  c_OBUF_inst_i_1/O
                         net (fo=1, routed)           0.463     0.991    c_OBUF
    G8                   OBUF (Prop_OUTBUF_HPIOB_M_I_O)
                                                      0.379     1.369 r  c_OBUF_inst/O
                         net (fo=0)                   0.000     1.369    c
    G8                                                                r  c (OUT)
  -------------------------------------------------------------------    -------------------

Slack:                    inf
  Source:                 a
                            (input port)
  Destination:            s
                            (output port)
  Path Group:             (none)
  Path Type:              Min at Fast Process Corner
  Data Path Delay:        1.385ns  (logic 0.560ns (40.425%)  route 0.825ns (59.575%))
  Logic Levels:           4  (IBUFCTRL=1 INBUF=1 LUT2=1 OBUF=1)

    Location             Delay type                Incr(ns)  Path(ns)    Netlist Resource(s)
  -------------------------------------------------------------------    -------------------
    F8                                                0.000     0.000 r  a (IN)
                         net (fo=0)                   0.000     0.000    a_IBUF_inst/I
    F8                   INBUF (Prop_INBUF_HPIOB_M_PAD_O)
                                                      0.145     0.145 r  a_IBUF_inst/INBUF_INST/O
                         net (fo=1, routed)           0.000     0.145    a_IBUF_inst/OUT
    F8                   IBUFCTRL (Prop_IBUFCTRL_HPIOB_M_I_O)
                                                      0.000     0.145 r  a_IBUF_inst/IBUFCTRL_INST/O
                         net (fo=2, routed)           0.360     0.505    a_IBUF
    SLICE_X23Y220        LUT2 (Prop_D6LUT_SLICEL_I1_O)
                                                      0.037     0.542 r  s_OBUF_inst_i_1/O
                         net (fo=1, routed)           0.465     1.007    s_OBUF
    F7                   OBUF (Prop_OUTBUF_HPIOB_S_I_O)
                                                      0.378     1.385 r  s_OBUF_inst/O
                         net (fo=0)                   0.000     1.385    s
    F7                                                                r  s (OUT)
  -------------------------------------------------------------------    -------------------





